<?xml version="1.0" encoding="UTF-8"?>
<!-- Generated by org.testng.reporters.JUnitReportReporter -->
<testsuite skipped="0" hostname="CDC2-D-519QS74" name="Seleniumwebdriver.SeleniumWebDriver.Doubleclickaction" tests="1" failures="0" timestamp="14 Nov 2019 09:55:30 GMT" time="2.655" errors="0">
  <testcase name="handleAlert" time="2.655" classname="Seleniumwebdriver.SeleniumWebDriver.Doubleclickaction"/>
</testsuite> <!-- Seleniumwebdriver.SeleniumWebDriver.Doubleclickaction -->
