<?xml version="1.0" encoding="UTF-8"?>
<!-- Generated by org.testng.reporters.JUnitReportReporter -->
<testsuite skipped="0" hostname="CDC2-D-519QS74" name="Seleniumwebdriver.SeleniumWebDriver.logincheck" tests="2" failures="0" timestamp="13 Nov 2019 12:16:48 GMT" time="56.855" errors="0">
  <testcase name="ticketbooking" time="4.076" classname="Seleniumwebdriver.SeleniumWebDriver.logincheck"/>
  <testcase name="checkpage" time="52.779" classname="Seleniumwebdriver.SeleniumWebDriver.logincheck"/>
</testsuite> <!-- Seleniumwebdriver.SeleniumWebDriver.logincheck -->
