<?xml version="1.0" encoding="UTF-8"?>
<!-- Generated by org.testng.reporters.JUnitReportReporter -->
<testsuite skipped="0" hostname="CDC2-D-519QS74" name="Seleniumwebdriver.SeleniumWebDriver.LoginExcel" tests="1" failures="0" timestamp="14 Nov 2019 10:51:35 GMT" time="11.511" errors="0">
  <testcase name="login" time="11.511" classname="Seleniumwebdriver.SeleniumWebDriver.LoginExcel"/>
</testsuite> <!-- Seleniumwebdriver.SeleniumWebDriver.LoginExcel -->
