<?xml version="1.0" encoding="UTF-8"?>
<!-- Generated by org.testng.reporters.JUnitReportReporter -->
<testsuite skipped="0" hostname="CDC2-D-519QS74" name="Seleniumwebdriver.SeleniumWebDriver.Frameshandling" tests="1" failures="0" timestamp="14 Nov 2019 07:18:55 GMT" time="2.707" errors="0">
  <testcase name="frames" time="2.707" classname="Seleniumwebdriver.SeleniumWebDriver.Frameshandling"/>
</testsuite> <!-- Seleniumwebdriver.SeleniumWebDriver.Frameshandling -->
