<?xml version="1.0" encoding="UTF-8"?>
<!-- Generated by org.testng.reporters.JUnitReportReporter -->
<testsuite skipped="0" hostname="CDC2-D-519QS74" name="Seleniumwebdriver.SeleniumWebDriver.demoaction" tests="2" failures="0" timestamp="14 Nov 2019 05:33:12 GMT" time="1.304" errors="0">
  <testcase name="doAction" time="0.511" classname="Seleniumwebdriver.SeleniumWebDriver.demoaction"/>
  <testcase name="contextClick" time="0.793" classname="Seleniumwebdriver.SeleniumWebDriver.demoaction"/>
</testsuite> <!-- Seleniumwebdriver.SeleniumWebDriver.demoaction -->
